<?xml version="1.0" encoding="UTF-8"?>
<robot generator="Robot 6.0.2 (Python 3.10.11 on win32)" generated="20230502 22:19:21.908" rpa="false" schemaversion="3">
<suite id="s1" name="Login" source="D:\github\Robot-Framework-Study\step\login.robot">
<kw name="Open Browser" library="SeleniumLibrary" type="SETUP">
<arg>${WebSauceDemo}</arg>
<arg>${BROWSER}</arg>
<doc>Opens a new browser instance to the optional ``url``.</doc>
<msg timestamp="20230502 22:19:22.442" level="INFO">Opening browser 'chrome' to base url 'https://www.saucedemo.com/'.</msg>
<status status="PASS" starttime="20230502 22:19:22.436" endtime="20230502 22:19:25.961"/>
</kw>
<test id="s1-t1" name="User Login with valid Username" line="38">
<kw name="Input valid Username">
<kw name="Input Text" library="SeleniumLibrary">
<arg>${txtUsername}</arg>
<arg>standard_user</arg>
<doc>Types the given ``text`` into the text field identified by ``locator``.</doc>
<msg timestamp="20230502 22:19:25.969" level="INFO">Typing text 'standard_user' into text field '//input[@id="user-name"]'.</msg>
<status status="PASS" starttime="20230502 22:19:25.967" endtime="20230502 22:19:26.155"/>
</kw>
<status status="PASS" starttime="20230502 22:19:25.965" endtime="20230502 22:19:26.155"/>
</kw>
<kw name="Input password">
<kw name="Input Text" library="SeleniumLibrary">
<arg>${txtPassword}</arg>
<arg>secret_sauce</arg>
<doc>Types the given ``text`` into the text field identified by ``locator``.</doc>
<msg timestamp="20230502 22:19:26.158" level="INFO">Typing text 'secret_sauce' into text field '//input[@id="password"]'.</msg>
<status status="PASS" starttime="20230502 22:19:26.157" endtime="20230502 22:19:26.352"/>
</kw>
<status status="PASS" starttime="20230502 22:19:26.156" endtime="20230502 22:19:26.352"/>
</kw>
<kw name="Click button login">
<kw name="Click Element" library="SeleniumLibrary">
<arg>${btnLogin}</arg>
<doc>Click the element identified by ``locator``.</doc>
<msg timestamp="20230502 22:19:26.355" level="INFO">Clicking element '//input[@id="login-button"]'.</msg>
<status status="PASS" starttime="20230502 22:19:26.354" endtime="20230502 22:19:26.550"/>
</kw>
<kw name="Sleep" library="BuiltIn">
<arg>2s</arg>
<doc>Pauses the test executed for the given time.</doc>
<msg timestamp="20230502 22:19:28.561" level="INFO">Slept 2 seconds</msg>
<status status="PASS" starttime="20230502 22:19:26.550" endtime="20230502 22:19:28.561"/>
</kw>
<status status="PASS" starttime="20230502 22:19:26.353" endtime="20230502 22:19:28.561"/>
</kw>
<kw name="Verify on Login page">
<kw name="Page Should Contain" library="SeleniumLibrary">
<arg>Sauce Labs Backpack</arg>
<doc>Verifies that current page contains ``text``.</doc>
<msg timestamp="20230502 22:19:28.594" level="INFO">Current page contains text 'Sauce Labs Backpack'.</msg>
<status status="PASS" starttime="20230502 22:19:28.561" endtime="20230502 22:19:28.594"/>
</kw>
<status status="PASS" starttime="20230502 22:19:28.561" endtime="20230502 22:19:28.594"/>
</kw>
<status status="PASS" starttime="20230502 22:19:25.961" endtime="20230502 22:19:28.595"/>
</test>
<kw name="Close Browser" library="SeleniumLibrary" type="TEARDOWN">
<doc>Closes the current browser.</doc>
<status status="PASS" starttime="20230502 22:19:28.599" endtime="20230502 22:19:30.971"/>
</kw>
<status status="PASS" starttime="20230502 22:19:21.908" endtime="20230502 22:19:30.971"/>
</suite>
<statistics>
<total>
<stat pass="1" fail="0" skip="0">All Tests</stat>
</total>
<tag>
</tag>
<suite>
<stat pass="1" fail="0" skip="0" id="s1" name="Login">Login</stat>
</suite>
</statistics>
<errors>
</errors>
</robot>
