<?xml version="1.0" encoding="UTF-8"?>
<robot generator="Robot 6.0.2 (Python 3.10.11 on win32)" generated="20230502 18:41:48.845" rpa="false" schemaversion="3">
<suite id="s1" name="Robot-Framework-Study" source="D:\github\Robot-Framework-Study">
<suite id="s1-s1" name="Login" source="D:\github\Robot-Framework-Study\login.robot">
<kw name="Open Browser {$WebSauceDemo}" type="SETUP">
<msg timestamp="20230502 18:41:49.737" level="FAIL">No keyword with name 'Open Browser {$WebSauceDemo}' found. Did you try using keyword 'SeleniumLibrary.Open Browser' and forgot to use enough whitespace between keyword and arguments?</msg>
<status status="FAIL" starttime="20230502 18:41:49.731" endtime="20230502 18:41:49.738"/>
</kw>
<test id="s1-s1-t1" name="User Login With Valid Data" line="32">
<status status="FAIL" starttime="20230502 18:41:49.746" endtime="20230502 18:41:49.749">Parent suite setup failed:
No keyword with name 'Open Browser {$WebSauceDemo}' found. Did you try using keyword 'SeleniumLibrary.Open Browser' and forgot to use enough whitespace between keyword and arguments?</status>
</test>
<kw name="Close Browser" library="SeleniumLibrary" type="TEARDOWN">
<doc>Closes the current browser.</doc>
<status status="PASS" starttime="20230502 18:41:49.756" endtime="20230502 18:41:49.759"/>
</kw>
<status status="FAIL" starttime="20230502 18:41:48.963" endtime="20230502 18:41:49.759">Suite setup failed:
No keyword with name 'Open Browser {$WebSauceDemo}' found. Did you try using keyword 'SeleniumLibrary.Open Browser' and forgot to use enough whitespace between keyword and arguments?</status>
</suite>
<status status="FAIL" starttime="20230502 18:41:48.878" endtime="20230502 18:41:49.771"/>
</suite>
<statistics>
<total>
<stat pass="0" fail="1" skip="0">All Tests</stat>
</total>
<tag>
</tag>
<suite>
<stat pass="0" fail="1" skip="0" id="s1" name="Robot-Framework-Study">Robot-Framework-Study</stat>
<stat pass="0" fail="1" skip="0" id="s1-s1" name="Login">Robot-Framework-Study.Login</stat>
</suite>
</statistics>
<errors>
</errors>
</robot>
